2020-11-17 11:52:42 - PHP Warning:  mysqli::__construct(): (HY000/1049): Unknown database 'www' in /html/virtual.com/opencart/system/library/db/mysqli.php on line 7
2020-11-17 11:52:42 - PHP Warning:  DB\MySQLi::__construct(): Couldn't fetch mysqli in /html/virtual.com/opencart/system/library/db/mysqli.php on line 10
2020-11-17 11:52:42 - PHP Warning:  DB\MySQLi::__construct(): Couldn't fetch mysqli in /html/virtual.com/opencart/system/library/db/mysqli.php on line 10
2020-11-26 13:23:35 - PHP Notice:  Undefined property: Cart\Customer::$customer_id in /html/system/library/cart/customer.php on line 122
2020-11-26 14:45:48 - PHP Notice:  Undefined property: Cart\Customer::$customer_id in /html/system/library/cart/customer.php on line 60
2020-11-26 14:59:57 - PHP Notice:  Undefined property: Cart\Customer::$customer_id in /html/system/library/cart/customer.php on line 86
2020-11-26 14:59:57 - PHP Notice:  Undefined property: Cart\Customer::$customer_id in /html/system/library/cart/customer.php on line 90
2020-11-26 14:59:57 - PHP Notice:  Undefined property: Cart\Customer::$customer_id in /html/system/library/cart/customer.php on line 86
2020-11-26 14:59:57 - PHP Notice:  Undefined property: Cart\Customer::$customer_id in /html/system/library/cart/customer.php on line 86
2020-11-26 14:59:57 - PHP Notice:  Undefined property: Cart\Customer::$customer_id in /html/system/library/cart/customer.php on line 86
2020-11-26 14:59:57 - PHP Notice:  Undefined property: Cart\Customer::$customer_id in /html/system/library/cart/customer.php on line 86
2020-11-26 14:59:57 - PHP Notice:  Undefined property: Cart\Customer::$customer_id in /html/system/library/cart/customer.php on line 86
2020-11-26 14:59:57 - PHP Notice:  Undefined property: Cart\Customer::$customer_id in /html/system/library/cart/customer.php on line 86
2020-11-26 14:59:57 - PHP Notice:  Undefined property: Cart\Customer::$customer_id in /html/system/library/cart/customer.php on line 90
2020-11-26 14:59:57 - PHP Notice:  Undefined property: Cart\Customer::$customer_id in /html/system/library/cart/customer.php on line 86
2020-11-26 14:59:57 - PHP Notice:  Undefined property: Cart\Customer::$customer_id in /html/system/library/cart/customer.php on line 90
2020-11-26 14:59:57 - PHP Notice:  Undefined property: Cart\Customer::$customer_id in /html/system/library/cart/customer.php on line 90
2020-11-26 14:59:57 - PHP Notice:  Undefined property: Cart\Customer::$customer_id in /html/system/library/cart/customer.php on line 122
2020-11-26 14:59:57 - PHP Notice:  Undefined property: Cart\Customer::$customer_id in /html/system/library/cart/customer.php on line 90
2020-11-26 14:59:57 - PHP Notice:  Undefined property: Cart\Customer::$customer_id in /html/system/library/cart/customer.php on line 90
2020-11-26 14:59:57 - PHP Notice:  Undefined property: Cart\Customer::$customer_id in /html/system/library/cart/customer.php on line 86
2020-11-26 18:35:07 - PHP Notice:  Undefined variable: order_customer in xdebug://debug-eval on line 1
2020-11-26 18:35:07 - PHP Notice:  Undefined variable: order_query in xdebug://debug-eval on line 1
2020-11-26 18:35:32 - PHP Notice:  Undefined variable: order_customer in xdebug://debug-eval on line 1
2020-11-26 18:35:32 - PHP Notice:  Undefined variable: order_query in xdebug://debug-eval on line 1
2020-11-26 18:35:36 - PHP Notice:  Undefined variable: order_customer in xdebug://debug-eval on line 1
2020-11-26 18:35:36 - PHP Notice:  Undefined variable: order_query in xdebug://debug-eval on line 1
2020-11-26 18:35:40 - PHP Notice:  Undefined variable: order_customer in xdebug://debug-eval on line 1
2020-11-26 18:35:40 - PHP Notice:  Undefined variable: order_query in xdebug://debug-eval on line 1
2020-11-26 18:35:42 - PHP Notice:  Undefined variable: order_customer in xdebug://debug-eval on line 1
2020-11-26 18:35:42 - PHP Notice:  Undefined variable: order_query in xdebug://debug-eval on line 1
2020-11-26 18:35:42 - PHP Notice:  Undefined variable: order_customer in xdebug://debug-eval on line 1
2020-11-26 18:35:42 - PHP Notice:  Undefined variable: order_query in xdebug://debug-eval on line 1
2020-11-26 18:35:43 - PHP Notice:  Undefined variable: order_customer in xdebug://debug-eval on line 1
2020-11-26 18:35:43 - PHP Notice:  Undefined variable: order_query in xdebug://debug-eval on line 1
2020-11-26 18:35:45 - PHP Notice:  Undefined variable: order_customer in xdebug://debug-eval on line 1
2020-11-26 18:35:45 - PHP Notice:  Undefined variable: order_query in xdebug://debug-eval on line 1
2020-11-26 18:35:48 - PHP Notice:  Undefined variable: order_customer in xdebug://debug-eval on line 1
2020-11-26 18:35:48 - PHP Notice:  Undefined variable: order_query in xdebug://debug-eval on line 1
2020-11-26 18:35:49 - PHP Notice:  Undefined variable: order_customer in xdebug://debug-eval on line 1
2020-11-26 18:35:49 - PHP Notice:  Undefined variable: order_query in xdebug://debug-eval on line 1
2020-11-26 18:35:49 - PHP Notice:  Undefined variable: order_customer in xdebug://debug-eval on line 1
2020-11-26 18:35:49 - PHP Notice:  Undefined variable: order_query in xdebug://debug-eval on line 1
2020-11-26 18:35:51 - PHP Notice:  Undefined variable: order_customer in xdebug://debug-eval on line 1
2020-11-26 18:35:51 - PHP Notice:  Undefined variable: order_query in xdebug://debug-eval on line 1
2020-11-26 18:35:51 - PHP Notice:  Undefined variable: order_customer in xdebug://debug-eval on line 1
2020-11-26 18:35:51 - PHP Notice:  Undefined variable: order_query in xdebug://debug-eval on line 1
2020-11-26 18:35:52 - PHP Notice:  Undefined variable: order_customer in xdebug://debug-eval on line 1
2020-11-26 18:35:52 - PHP Notice:  Undefined variable: order_query in xdebug://debug-eval on line 1
2020-11-26 18:35:52 - PHP Notice:  Undefined variable: order_customer in xdebug://debug-eval on line 1
2020-11-26 18:35:52 - PHP Notice:  Undefined variable: order_query in xdebug://debug-eval on line 1
2020-11-26 18:35:53 - PHP Notice:  Undefined variable: order_customer in xdebug://debug-eval on line 1
2020-11-26 18:35:53 - PHP Notice:  Undefined variable: order_query in xdebug://debug-eval on line 1
2020-11-26 18:35:54 - PHP Notice:  Undefined variable: order_customer in xdebug://debug-eval on line 1
2020-11-26 18:35:54 - PHP Notice:  Undefined variable: order_query in xdebug://debug-eval on line 1
2020-11-26 18:35:54 - PHP Notice:  Undefined variable: order_customer in xdebug://debug-eval on line 1
2020-11-26 18:35:54 - PHP Notice:  Undefined variable: order_query in xdebug://debug-eval on line 1
2020-11-26 18:35:58 - PHP Notice:  Undefined variable: order_customer in xdebug://debug-eval on line 1
2020-11-26 18:35:58 - PHP Notice:  Undefined variable: order_query in xdebug://debug-eval on line 1
2020-11-26 18:35:58 - PHP Notice:  Undefined variable: order_customer in xdebug://debug-eval on line 1
2020-11-26 18:35:58 - PHP Notice:  Undefined variable: order_query in xdebug://debug-eval on line 1
2020-11-26 18:35:59 - PHP Notice:  Undefined variable: order_customer in xdebug://debug-eval on line 1
2020-11-26 18:35:59 - PHP Notice:  Undefined variable: order_query in xdebug://debug-eval on line 1
2020-11-26 18:35:59 - PHP Notice:  Undefined variable: order_customer in xdebug://debug-eval on line 1
2020-11-26 18:35:59 - PHP Notice:  Undefined variable: order_query in xdebug://debug-eval on line 1
2020-11-26 18:36:00 - PHP Notice:  Undefined variable: order_customer in xdebug://debug-eval on line 1
2020-11-26 18:36:00 - PHP Notice:  Undefined variable: order_query in xdebug://debug-eval on line 1
2020-11-26 18:36:00 - PHP Notice:  Undefined variable: order_customer in xdebug://debug-eval on line 1
2020-11-26 18:36:00 - PHP Notice:  Undefined variable: order_query in xdebug://debug-eval on line 1
2020-11-26 18:36:02 - PHP Notice:  Undefined variable: order_customer in xdebug://debug-eval on line 1
2020-11-26 18:36:02 - PHP Notice:  Undefined variable: order_query in xdebug://debug-eval on line 1
2020-11-26 18:36:09 - PHP Notice:  Undefined variable: order_query in xdebug://debug-eval on line 1
2020-11-26 18:49:17 - PHP Notice:  Undefined index: error in /html/catalog/controller/checkout/login.php on line 50
2020-11-27 11:38:58 - PHP Notice:  Undefined property: Cart\Customer::$customer_id in /html/system/library/cart/customer.php on line 111
2020-11-27 12:13:08 - PHP Notice:  Undefined index: address_id in /html/system/library/cart/customer.php on line 29
2020-11-27 12:13:09 - PHP Notice:  Undefined index: address_id in /html/system/library/cart/customer.php on line 29
2020-11-27 12:13:09 - PHP Notice:  Undefined index: address_id in /html/system/library/cart/customer.php on line 29
2020-11-27 12:13:16 - PHP Notice:  Undefined index: address_id in /html/system/library/cart/customer.php on line 29
2020-11-27 12:13:17 - PHP Notice:  Undefined index: address_id in /html/system/library/cart/customer.php on line 29
2020-11-27 12:13:17 - PHP Notice:  Undefined index: address_id in /html/system/library/cart/customer.php on line 29
2020-11-27 12:14:26 - PHP Notice:  Undefined index: country_id in /html/catalog/controller/startup/startup.php on line 172
2020-11-27 12:14:26 - PHP Notice:  Undefined index: zone_id in /html/catalog/controller/startup/startup.php on line 172
2020-11-27 12:14:26 - PHP Notice:  Undefined index: country_id in /html/catalog/controller/startup/startup.php on line 172
2020-11-27 12:14:26 - PHP Notice:  Undefined index: zone_id in /html/catalog/controller/startup/startup.php on line 172
2020-11-27 12:14:26 - PHP Notice:  Undefined index: country_id in /html/catalog/controller/startup/startup.php on line 172
2020-11-27 12:14:26 - PHP Notice:  Undefined index: zone_id in /html/catalog/controller/startup/startup.php on line 172
2020-11-27 17:15:36 - PHP Notice:  Undefined index: country_id in /html/catalog/controller/startup/startup.php on line 172
2020-11-27 17:15:36 - PHP Notice:  Undefined index: zone_id in /html/catalog/controller/startup/startup.php on line 172
2020-11-27 19:11:03 - PHP Notice:  Undefined index: country_id in /html/catalog/controller/startup/startup.php on line 172
2020-11-27 19:11:03 - PHP Notice:  Undefined index: zone_id in /html/catalog/controller/startup/startup.php on line 172
2020-11-27 19:11:04 - PHP Notice:  Undefined index: country_id in /html/catalog/controller/startup/startup.php on line 172
2020-11-27 19:11:04 - PHP Notice:  Undefined index: zone_id in /html/catalog/controller/startup/startup.php on line 172
2020-11-27 19:11:04 - PHP Notice:  Undefined index: country_id in /html/catalog/controller/startup/startup.php on line 172
2020-11-27 19:11:04 - PHP Notice:  Undefined index: zone_id in /html/catalog/controller/startup/startup.php on line 172
2020-11-27 19:18:47 - PHP Notice:  Undefined index: customer_group_id in /html/catalog/controller/checkout/confirm.php on line 123
2020-11-27 19:18:47 - PHP Notice:  Undefined index: custom_field in /html/catalog/controller/checkout/confirm.php on line 128
2020-11-27 19:18:49 - PHP Notice:  Undefined index: safe in /html/catalog/model/checkout/order.php on line 273
2020-11-27 19:19:55 - PHP Notice:  Undefined index: safe in /html/catalog/model/checkout/order.php on line 273
2020-11-27 19:20:06 - PHP Notice:  Undefined index: customer_group_id in /html/catalog/controller/checkout/confirm.php on line 123
2020-11-27 19:20:30 - PHP Notice:  Undefined index: customer_group_id in /html/catalog/model/checkout/order.php on line 4
2020-11-27 19:20:31 - PHP Notice:  Undefined index: safe in /html/catalog/model/checkout/order.php on line 273
2020-11-27 19:22:04 - PHP Notice:  Undefined index: safe in /html/catalog/model/checkout/order.php on line 273
2020-11-27 22:24:08 - PHP Notice:  Undefined index: custom_field in /html/catalog/controller/account/edit.php on line 138
2020-11-27 22:25:29 - PHP Notice:  Undefined variable: customer_id in /html/catalog/model/account/customer.php on line 34
